0 info it worked if it ends with ok
1 verbose cli [ '/Users/takeuchimasaaki1/.nodebrew/node/v6.10.3/bin/node',
1 verbose cli   '/Users/takeuchimasaaki1/.nodebrew/current/bin/npm',
1 verbose cli   'link' ]
2 info using npm@3.10.10
3 info using node@v6.10.3
4 verbose linkPkg /Users/takeuchimasaaki1/Desktop/node-red-contrib-browsercamera
5 verbose stack Error: Failed to parse json
5 verbose stack Trailing comma in object at 13:3
5 verbose stack   },
5 verbose stack   ^
5 verbose stack     at parseError (/Users/takeuchimasaaki1/.nodebrew/node/v6.10.3/lib/node_modules/npm/node_modules/read-package-json/read-json.js:390:11)
5 verbose stack     at parseJson (/Users/takeuchimasaaki1/.nodebrew/node/v6.10.3/lib/node_modules/npm/node_modules/read-package-json/read-json.js:79:23)
5 verbose stack     at /Users/takeuchimasaaki1/.nodebrew/node/v6.10.3/lib/node_modules/npm/node_modules/read-package-json/read-json.js:48:5
5 verbose stack     at /Users/takeuchimasaaki1/.nodebrew/node/v6.10.3/lib/node_modules/npm/node_modules/graceful-fs/graceful-fs.js:78:16
5 verbose stack     at tryToString (fs.js:456:3)
5 verbose stack     at FSReqWrap.readFileAfterClose [as oncomplete] (fs.js:443:12)
6 verbose cwd /Users/takeuchimasaaki1/Desktop/node-red-contrib-browsercamera
7 error Darwin 17.6.0
8 error argv "/Users/takeuchimasaaki1/.nodebrew/node/v6.10.3/bin/node" "/Users/takeuchimasaaki1/.nodebrew/current/bin/npm" "link"
9 error node v6.10.3
10 error npm  v3.10.10
11 error file /Users/takeuchimasaaki1/Desktop/node-red-contrib-browsercamera/package.json
12 error code EJSONPARSE
13 error Failed to parse json
13 error Trailing comma in object at 13:3
13 error   },
13 error   ^
14 error File: /Users/takeuchimasaaki1/Desktop/node-red-contrib-browsercamera/package.json
15 error Failed to parse package.json data.
15 error package.json must be actual JSON, not just JavaScript.
15 error
15 error This is not a bug in npm.
15 error Tell the package author to fix their package.json file. JSON.parse
16 verbose exit [ 1, true ]
